<?xml version="1.0" encoding="UTF-8"?>
<!-- Generated by org.testng.reporters.JUnitXMLReporter -->
<testsuite ignored="14" hostname="I22172" failures="3" tests="8" name="VehicleTests" time="6.992" errors="0" timestamp="2025-05-13T12:02:22 IST">
  <testcase classname="tests.VehicleSalesTest" name="testVehicleSales" time="4.713"/>
  <testcase classname="tests.VehiclesBookedYesterdayTest" name="testVehiclesBookedYesterday" time="0.3">
    <failure type="java.lang.AssertionError" message="vehiclesBookedYesterday expected [2] but found [0]">
      <![CDATA[java.lang.AssertionError: vehiclesBookedYesterday expected [2] but found [0]
at tests.VehiclesBookedYesterdayTest.testVehiclesBookedYesterday(VehiclesBookedYesterdayTest.java:19)
at java.base/java.util.ArrayList.forEach(ArrayList.java:1596)
... Removed 34 stack frames]]>
    </failure>
  </testcase> <!-- testVehiclesBookedYesterday -->
  <testcase classname="tests.VehiclesInvoicedYesterdayTest" name="testVehiclesInvoicedYesterday" time="0.315">
    <failure type="java.lang.AssertionError" message="vehiclesInvoicedYesterday expected [2] but found [0]">
      <![CDATA[java.lang.AssertionError: vehiclesInvoicedYesterday expected [2] but found [0]
at tests.VehiclesInvoicedYesterdayTest.testVehiclesInvoicedYesterday(VehiclesInvoicedYesterdayTest.java:19)
at java.base/java.util.ArrayList.forEach(ArrayList.java:1596)
... Removed 34 stack frames]]>
    </failure>
  </testcase> <!-- testVehiclesInvoicedYesterday -->
  <testcase classname="tests.VehiclesInvoicedThisMonthTest" name="testVehiclesInvoicedThisMonth" time="0.262"/>
  <testcase classname="tests.VehiclesInvoicedButNotDeliveredTest" name="testVehiclesInvoicedButNotDelivered" time="0.326">
    <failure type="java.lang.AssertionError" message="vehiclesInvoicedButNotDelivered expected [2] but found [69]">
      <![CDATA[java.lang.AssertionError: vehiclesInvoicedButNotDelivered expected [2] but found [69]
at tests.VehiclesInvoicedButNotDeliveredTest.testVehiclesInvoicedButNotDelivered(VehiclesInvoicedButNotDeliveredTest.java:19)
at java.base/java.util.ArrayList.forEach(ArrayList.java:1596)
... Removed 34 stack frames]]>
    </failure>
  </testcase> <!-- testVehiclesInvoicedButNotDelivered -->
  <testcase classname="tests.VehicleSoldTest" name="testVehicleSold" time="0.303"/>
  <testcase classname="tests.CurrentMonth" name="testCurrentMonth" time="0.335"/>
  <testcase classname="tests.LastMonth" name="testLastMonth" time="0.383"/>
  <testcase classname="base.BaseTest" name="@AfterSuite tearDown" time="0.0">
    <ignored/>
  </testcase> <!-- @AfterSuite tearDown -->
  <testcase classname="base.BaseTest" name="@BeforeSuite setUp" time="0.0">
    <ignored/>
  </testcase> <!-- @BeforeSuite setUp -->
  <testcase classname="base.BaseTest" name="@AfterSuite tearDown" time="0.0">
    <ignored/>
  </testcase> <!-- @AfterSuite tearDown -->
  <testcase classname="base.BaseTest" name="@BeforeSuite setUp" time="0.0">
    <ignored/>
  </testcase> <!-- @BeforeSuite setUp -->
  <testcase classname="base.BaseTest" name="@AfterSuite tearDown" time="0.0">
    <ignored/>
  </testcase> <!-- @AfterSuite tearDown -->
  <testcase classname="base.BaseTest" name="@AfterSuite tearDown" time="0.0">
    <ignored/>
  </testcase> <!-- @AfterSuite tearDown -->
  <testcase classname="base.BaseTest" name="@AfterSuite tearDown" time="0.0">
    <ignored/>
  </testcase> <!-- @AfterSuite tearDown -->
  <testcase classname="base.BaseTest" name="@AfterSuite tearDown" time="0.0">
    <ignored/>
  </testcase> <!-- @AfterSuite tearDown -->
  <testcase classname="base.BaseTest" name="@BeforeSuite setUp" time="0.0">
    <ignored/>
  </testcase> <!-- @BeforeSuite setUp -->
  <testcase classname="base.BaseTest" name="@BeforeSuite setUp" time="0.0">
    <ignored/>
  </testcase> <!-- @BeforeSuite setUp -->
  <testcase classname="base.BaseTest" name="@AfterSuite tearDown" time="0.0">
    <ignored/>
  </testcase> <!-- @AfterSuite tearDown -->
  <testcase classname="base.BaseTest" name="@BeforeSuite setUp" time="0.0">
    <ignored/>
  </testcase> <!-- @BeforeSuite setUp -->
  <testcase classname="base.BaseTest" name="@BeforeSuite setUp" time="0.0">
    <ignored/>
  </testcase> <!-- @BeforeSuite setUp -->
  <testcase classname="base.BaseTest" name="@BeforeSuite setUp" time="0.0">
    <ignored/>
  </testcase> <!-- @BeforeSuite setUp -->
</testsuite> <!-- VehicleTests -->
